<?xml version="1.0" encoding="UTF-8"?>
<testsuite name="jcommander_usage.JCommanderUsageTest" tests="52" skipped="0" failures="0" errors="0" timestamp="2026-05-31T12:49:24.209Z" hostname="1deMacBook-Air.local" time="0.164">
  <properties/>
  <testcase name="generates spec for a basic CLI with options" classname="jcommander_usage.JCommanderUsageTest" time="0.021"/>
  <testcase name="includes generated comment header" classname="jcommander_usage.JCommanderUsageTest" time="0.0"/>
  <testcase name="uses custom bin name when provided" classname="jcommander_usage.JCommanderUsageTest" time="0.0"/>
  <testcase name="renders short-only flags" classname="jcommander_usage.JCommanderUsageTest" time="0.001"/>
  <testcase name="renders long-only flags" classname="jcommander_usage.JCommanderUsageTest" time="0.001"/>
  <testcase name="does not mark root-level flags as global" classname="jcommander_usage.JCommanderUsageTest" time="0.003"/>
  <testcase name="renders subcommands recursively" classname="jcommander_usage.JCommanderUsageTest" time="0.001"/>
  <testcase name="marks mandatory options as required" classname="jcommander_usage.JCommanderUsageTest" time="0.0"/>
  <testcase name="hides commands and options" classname="jcommander_usage.JCommanderUsageTest" time="0.0"/>
  <testcase name="converts main parameter" classname="jcommander_usage.JCommanderUsageTest" time="0.0"/>
  <testcase name="converts required main parameter" classname="jcommander_usage.JCommanderUsageTest" time="0.0"/>
  <testcase name="converts variadic main parameter" classname="jcommander_usage.JCommanderUsageTest" time="0.0"/>
  <testcase name="converts flag with arity 0 as boolean" classname="jcommander_usage.JCommanderUsageTest" time="0.0"/>
  <testcase name="converts mixed required and optional main parameters" classname="jcommander_usage.JCommanderUsageTest" time="0.0"/>
  <testcase name="renders choices for option arguments" classname="jcommander_usage.JCommanderUsageTest" time="0.001"/>
  <testcase name="renders choices for positional arguments" classname="jcommander_usage.JCommanderUsageTest" time="0.001"/>
  <testcase name="renders default value for option" classname="jcommander_usage.JCommanderUsageTest" time="0.001"/>
  <testcase name="renders default value for argument" classname="jcommander_usage.JCommanderUsageTest" time="0.001"/>
  <testcase name="skips false default for boolean flags" classname="jcommander_usage.JCommanderUsageTest" time="0.005"/>
  <testcase name="preserves true default for boolean flags" classname="jcommander_usage.JCommanderUsageTest" time="0.001"/>
  <testcase name="preserves string zero as default" classname="jcommander_usage.JCommanderUsageTest" time="0.001"/>
  <testcase name="does not render arg for boolean flags" classname="jcommander_usage.JCommanderUsageTest" time="0.001"/>
  <testcase name="does not render --help flag" classname="jcommander_usage.JCommanderUsageTest" time="0.001"/>
  <testcase name="does not render --version flag" classname="jcommander_usage.JCommanderUsageTest" time="0.001"/>
  <testcase name="sets subcommand_required for commands with subcommands and no args" classname="jcommander_usage.JCommanderUsageTest" time="0.0"/>
  <testcase name="does not set subcommand_required when command has positional args" classname="jcommander_usage.JCommanderUsageTest" time="0.0"/>
  <testcase name="renders command aliases" classname="jcommander_usage.JCommanderUsageTest" time="0.0"/>
  <testcase name="renders single alias" classname="jcommander_usage.JCommanderUsageTest" time="0.001"/>
  <testcase name="does not render alias when none defined" classname="jcommander_usage.JCommanderUsageTest" time="0.001"/>
  <testcase name="renders about for root command" classname="jcommander_usage.JCommanderUsageTest" time="0.0"/>
  <testcase name="renders help for subcommand" classname="jcommander_usage.JCommanderUsageTest" time="0.001"/>
  <testcase name="handles newlines in command help" classname="jcommander_usage.JCommanderUsageTest" time="0.004"/>
  <testcase name="handles special chars in flag help" classname="jcommander_usage.JCommanderUsageTest" time="0.001"/>
  <testcase name="generates valid KDL for basic command" classname="jcommander_usage.JCommanderUsageTest" time="0.001"/>
  <testcase name="generates valid KDL for nested commands" classname="jcommander_usage.JCommanderUsageTest" time="0.0"/>
  <testcase name="generateKDL is an alias for generate" classname="jcommander_usage.JCommanderUsageTest" time="0.001"/>
  <testcase name="generates JSON output with correct structure" classname="jcommander_usage.JCommanderUsageTest" time="0.009"/>
  <testcase name="includes choices in JSON output" classname="jcommander_usage.JCommanderUsageTest" time="0.001"/>
  <testcase name="includes flag details in JSON" classname="jcommander_usage.JCommanderUsageTest" time="0.0"/>
  <testcase name="handles custom bin name in JSON" classname="jcommander_usage.JCommanderUsageTest" time="0.001"/>
  <testcase name="returns a spec with correct structure" classname="jcommander_usage.JCommanderUsageTest" time="0.001"/>
  <testcase name="includes arguments in spec" classname="jcommander_usage.JCommanderUsageTest" time="0.0"/>
  <testcase name="handles empty command with no options or args" classname="jcommander_usage.JCommanderUsageTest" time="0.001"/>
  <testcase name="handles command with only subcommands" classname="jcommander_usage.JCommanderUsageTest" time="0.001"/>
  <testcase name="handles option with required" classname="jcommander_usage.JCommanderUsageTest" time="0.0"/>
  <testcase name="handles variadic option argument" classname="jcommander_usage.JCommanderUsageTest" time="0.0"/>
  <testcase name="skips version field when not set" classname="jcommander_usage.JCommanderUsageTest" time="0.001"/>
  <testcase name="handles multiple flags on subcommand" classname="jcommander_usage.JCommanderUsageTest" time="0.001"/>
  <testcase name="converts optional main parameter" classname="jcommander_usage.JCommanderUsageTest" time="0.0"/>
  <testcase name="renders flag with optional argument" classname="jcommander_usage.JCommanderUsageTest" time="0.0"/>
  <testcase name="includes arguments in JSON output" classname="jcommander_usage.JCommanderUsageTest" time="0.001"/>
  <testcase name="convertRoot returns correct spec structure" classname="jcommander_usage.JCommanderUsageTest" time="0.0"/>
  <system-out><![CDATA[]]></system-out>
  <system-err><![CDATA[]]></system-err>
</testsuite>
