<?xml version="1.0" encoding="UTF-8"?>
<testsuite name="picocli_usage.PicocliUsageTest" tests="55" skipped="0" failures="0" errors="0" timestamp="2026-05-31T12:49:26.576Z" hostname="1deMacBook-Air.local" time="0.2">
  <properties/>
  <testcase name="generates spec for a basic CLI with version and options" classname="picocli_usage.PicocliUsageTest" time="0.043"/>
  <testcase name="includes generated comment header" classname="picocli_usage.PicocliUsageTest" time="0.0"/>
  <testcase name="uses custom bin name when provided" classname="picocli_usage.PicocliUsageTest" time="0.001"/>
  <testcase name="renders subcommands recursively" classname="picocli_usage.PicocliUsageTest" time="0.003"/>
  <testcase name="does not mark root-level flags as global" classname="picocli_usage.PicocliUsageTest" time="0.001"/>
  <testcase name="marks mandatory options as required" classname="picocli_usage.PicocliUsageTest" time="0.001"/>
  <testcase name="hides commands and options" classname="picocli_usage.PicocliUsageTest" time="0.001"/>
  <testcase name="converts required arguments" classname="picocli_usage.PicocliUsageTest" time="0.002"/>
  <testcase name="converts optional arguments" classname="picocli_usage.PicocliUsageTest" time="0.001"/>
  <testcase name="converts variadic arguments" classname="picocli_usage.PicocliUsageTest" time="0.001"/>
  <testcase name="converts mixed required and optional args" classname="picocli_usage.PicocliUsageTest" time="0.001"/>
  <testcase name="renders choices for option arguments" classname="picocli_usage.PicocliUsageTest" time="0.001"/>
  <testcase name="renders choices for positional arguments" classname="picocli_usage.PicocliUsageTest" time="0.001"/>
  <testcase name="renders default value for option" classname="picocli_usage.PicocliUsageTest" time="0.001"/>
  <testcase name="renders default value for argument" classname="picocli_usage.PicocliUsageTest" time="0.001"/>
  <testcase name="skips false default for boolean flags" classname="picocli_usage.PicocliUsageTest" time="0.001"/>
  <testcase name="preserves string zero as default" classname="picocli_usage.PicocliUsageTest" time="0.001"/>
  <testcase name="preserves true default for boolean flags" classname="picocli_usage.PicocliUsageTest" time="0.0"/>
  <testcase name="does not render arg for boolean flags" classname="picocli_usage.PicocliUsageTest" time="0.0"/>
  <testcase name="does not render builtin help subcommand" classname="picocli_usage.PicocliUsageTest" time="0.0"/>
  <testcase name="does not render --help and --version flags" classname="picocli_usage.PicocliUsageTest" time="0.002"/>
  <testcase name="sets subcommand_required for non-runnable commands with subcommands" classname="picocli_usage.PicocliUsageTest" time="0.001"/>
  <testcase name="does not set subcommand_required for runnable commands" classname="picocli_usage.PicocliUsageTest" time="0.001"/>
  <testcase name="does not set subcommand_required when command has positional args" classname="picocli_usage.PicocliUsageTest" time="0.002"/>
  <testcase name="renders command aliases" classname="picocli_usage.PicocliUsageTest" time="0.001"/>
  <testcase name="renders single alias" classname="picocli_usage.PicocliUsageTest" time="0.0"/>
  <testcase name="renders long_about for root command with multi-line description" classname="picocli_usage.PicocliUsageTest" time="0.0"/>
  <testcase name="uses description as about when no long description" classname="picocli_usage.PicocliUsageTest" time="0.0"/>
  <testcase name="renders long_help for subcommand" classname="picocli_usage.PicocliUsageTest" time="0.0"/>
  <testcase name="renders negate for negatable options" classname="picocli_usage.PicocliUsageTest" time="0.0"/>
  <testcase name="negated boolean options do not have arg" classname="picocli_usage.PicocliUsageTest" time="0.001"/>
  <testcase name="does not include env field (picocli does not support env on options)" classname="picocli_usage.PicocliUsageTest" time="0.0"/>
  <testcase name="handles newlines in command help" classname="picocli_usage.PicocliUsageTest" time="0.003"/>
  <testcase name="handles special chars in flag help" classname="picocli_usage.PicocliUsageTest" time="0.001"/>
  <testcase name="generates valid KDL for basic command" classname="picocli_usage.PicocliUsageTest" time="0.001"/>
  <testcase name="generates valid KDL for nested commands" classname="picocli_usage.PicocliUsageTest" time="0.001"/>
  <testcase name="is an alias for generate" classname="picocli_usage.PicocliUsageTest" time="0.001"/>
  <testcase name="returns a spec with correct structure" classname="picocli_usage.PicocliUsageTest" time="0.001"/>
  <testcase name="includes arguments in spec" classname="picocli_usage.PicocliUsageTest" time="0.001"/>
  <testcase name="renders short-only flags" classname="picocli_usage.PicocliUsageTest" time="0.001"/>
  <testcase name="renders long-only flags" classname="picocli_usage.PicocliUsageTest" time="0.0"/>
  <testcase name="renders flag with optional argument" classname="picocli_usage.PicocliUsageTest" time="0.001"/>
  <testcase name="matches expected KDL output for a complete example" classname="picocli_usage.PicocliUsageTest" time="0.002"/>
  <testcase name="generates complete KDL output matching clap_usage snapshot style" classname="picocli_usage.PicocliUsageTest" time="0.001"/>
  <testcase name="renders deeply nested command structure" classname="picocli_usage.PicocliUsageTest" time="0.002"/>
  <testcase name="generates JSON output with correct structure" classname="picocli_usage.PicocliUsageTest" time="0.023"/>
  <testcase name="includes choices in JSON output" classname="picocli_usage.PicocliUsageTest" time="0.008"/>
  <testcase name="includes flag details in JSON" classname="picocli_usage.PicocliUsageTest" time="0.001"/>
  <testcase name="handles custom bin name in JSON" classname="picocli_usage.PicocliUsageTest" time="0.001"/>
  <testcase name="handles empty command with no options or args" classname="picocli_usage.PicocliUsageTest" time="0.001"/>
  <testcase name="handles command with only subcommands" classname="picocli_usage.PicocliUsageTest" time="0.001"/>
  <testcase name="handles option with required attribute" classname="picocli_usage.PicocliUsageTest" time="0.001"/>
  <testcase name="handles variadic option argument" classname="picocli_usage.PicocliUsageTest" time="0.001"/>
  <testcase name="skips version field when not set" classname="picocli_usage.PicocliUsageTest" time="0.0"/>
  <testcase name="handles multiple flags on subcommand" classname="picocli_usage.PicocliUsageTest" time="0.001"/>
  <system-out><![CDATA[]]></system-out>
  <system-err><![CDATA[]]></system-err>
</testsuite>
